Kabutops Silver Queen from the team Yellow enters the battle!
TapuBulu Bulu Tapu from the team Striped enters the battle!
Kabutops Silver Queen misses

TapuBulu Bulu Tapu is using ability Thunder.
Kabutops Silver Queen loses 16 hit points.

Kabutops Silver Queen is using ability Ice Beam.
Critical hit!
TapuBulu Bulu Tapu loses 283 hit points.
TapuBulu Bulu Tapu faints.
Vikavolt King Volt from the team Striped enters the battle!
Kabutops Silver Queen is using ability Double Team.
Kabutops Silver Queen increases evasion.

Vikavolt King Volt is using ability Vise Grip.
Kabutops Silver Queen loses 8 hit points.

Kabutops Silver Queen is using ability Absord.
Critical hit!
Vikavolt King Volt loses 8 hit points.
Kabutops Silver Queen restores 4 hit points.

Vikavolt King Volt is using ability Thunder Wave.
Kabutops Silver Queen is paralyzed
Kabutops Silver Queen increases defense.
Kabutops Silver Queen decreases speed.

Vikavolt King Volt is using ability Thunder Wave.
Kabutops Silver Queen decreases speed.

Kabutops Silver Queen is using ability Ice Beam.
Vikavolt King Volt loses 22 hit points.

Vikavolt King Volt is using ability Thunder Wave.
Kabutops Silver Queen decreases speed.

Kabutops Silver Queen misses

Vikavolt King Volt is using ability Discharge.
Kabutops Silver Queen loses 219 hit points.
Kabutops Silver Queen faints.
Grubbin Killer Bug from the team Yellow enters the battle!
Vikavolt King Volt is using ability Swagger.
Grubbin Killer Bug increases attack.

Grubbin Killer Bug is using ability Thunder Wave.
Vikavolt King Volt decreases speed.

Vikavolt King Volt is using ability Thunder Wave.
Grubbin Killer Bug is paralyzed
Grubbin Killer Bug increases defense.
Grubbin Killer Bug decreases speed.

Grubbin Killer Bug is using ability Thunder Wave.
Vikavolt King Volt decreases speed.

Grubbin Killer Bug is using ability Vise Grip.
Vikavolt King Volt loses 3 hit points.

Vikavolt King Volt is using ability Thunder Wave.
Grubbin Killer Bug decreases speed.

Grubbin Killer Bug hits himself in confusion.
Grubbin Killer Bug loses 5 hit points.

Vikavolt King Volt is using ability Discharge.
Grubbin Killer Bug loses 323 hit points.
Grubbin Killer Bug faints.
Charjabug Electric Sting from the team Yellow enters the battle!
Charjabug Electric Sting is using ability Vise Grip.
Vikavolt King Volt loses 5 hit points.

Vikavolt King Volt is using ability Swagger.
Charjabug Electric Sting increases attack.

Charjabug Electric Sting is using ability Discharge.
Vikavolt King Volt loses 4 hit points.

Vikavolt King Volt is using ability Discharge.
Charjabug Electric Sting loses 108 hit points.
Charjabug Electric Sting faints.
Team Yellow loses its last Pokemon.
The team Striped wins the battle!